[2023-02-12T12:57:42.028372+00:00] blog.INFO: Create user command started [] []
[2023-02-12T12:57:42.043302+00:00] blog.INFO: User created:  [] []
[2023-02-12T13:00:25.479711+00:00] blog.INFO: Create user command started [] []
[2023-02-12T13:01:06.771149+00:00] blog.INFO: Create user command started [] []
[2023-02-12T13:01:06.779082+00:00] blog.INFO: User created: jonni [] []
[2023-02-12T13:11:40.621126+00:00] blog.INFO: Create user command started [] []
[2023-02-12T13:43:44.744907+00:00] blog.NOTICE: Route not found: GET /posts/create [] []
[2023-02-12T13:44:19.267320+00:00] blog.INFO: Post created: 0d82cf5d-d88a-44a1-b800-3bd4301239a9 [] []
[2023-02-12T14:21:34.051719+00:00] blog.INFO: Post created: 73701fb4-e60b-4b14-adc0-255c201964f1 [] []
[2023-02-12T14:23:49.324500+00:00] blog.INFO: Post created: 9f26ee84-090e-4566-bbf2-0a9844bd716c [] []
[2023-02-13T19:10:02.559099+00:00] blog.NOTICE: Route not found: GET /posts/create [] []
[2023-02-13T19:17:56.031313+00:00] blog.INFO: Post saved: d873ae4b-9300-417a-a8d7-c18a494f0570 [] []
[2023-02-13T19:17:56.032845+00:00] blog.INFO: Post created: d873ae4b-9300-417a-a8d7-c18a494f0570 [] []
[2023-02-16T12:49:20.798365+00:00] blog.INFO: Create user command started [] []
[2023-02-16T12:58:50.065491+00:00] blog.INFO: Create user command started [] []
[2023-02-16T12:58:50.073547+00:00] blog.WARNING: Cannot find user: 123e4567-e89b-12d3-a456-426614174000 [] []
[2023-02-16T12:58:50.094370+00:00] blog.INFO: User data saved: 5644e303-3f44-4c8d-b848-aad60ccf9848 [] []
[2023-02-16T12:58:50.094679+00:00] blog.INFO: User created: 5644e303-3f44-4c8d-b848-aad60ccf9848 [] []
[2023-02-16T13:00:50.121681+00:00] blog.INFO: Create user command started [] []
[2023-02-16T13:02:34.916362+00:00] blog.INFO: Create user command started [] []
[2023-02-16T13:03:25.721704+00:00] blog.INFO: Create user command started [] []
[2023-02-16T13:04:58.970910+00:00] blog.INFO: Create user command started [] []
[2023-02-16T13:04:58.977216+00:00] blog.INFO: User data saved:  [] []
[2023-02-16T13:07:02.256618+00:00] blog.INFO: Create user command started [] []
[2023-02-16T13:07:02.262463+00:00] blog.INFO: User data saved:  [] []
[2023-02-16T13:08:07.174385+00:00] blog.INFO: Create user command started [] []
[2023-02-16T13:10:51.170619+00:00] blog.INFO: Create user command started [] []
[2023-02-16T13:11:51.451862+00:00] blog.INFO: Create user command started [] []
[2023-02-16T13:15:31.739997+00:00] blog.INFO: Create user command started [] []
[2023-02-16T13:17:47.341138+00:00] blog.INFO: Create user command started [] []
[2023-02-16T13:18:27.113804+00:00] blog.INFO: Create user command started [] []
[2023-02-16T13:18:27.122269+00:00] blog.WARNING: User already exists: user1234 [] []
[2023-02-16T13:20:46.524877+00:00] blog.INFO: Create user command started [] []
[2023-02-16T13:22:08.923078+00:00] blog.INFO: Create user command started [] []
[2023-02-16T13:22:56.318664+00:00] blog.INFO: Create user command started [] []
[2023-02-16T13:22:56.327363+00:00] blog.WARNING: Cannot find user:  [] []
[2023-02-16T13:22:56.344781+00:00] blog.INFO: User data saved: fc272a74-93e4-4808-ba4a-9b0bf888f3be [] []
[2023-02-16T13:22:56.345185+00:00] blog.INFO: User created: fc272a74-93e4-4808-ba4a-9b0bf888f3be [] []
[2023-02-17T06:01:36.812972+00:00] blog.INFO: Post saved: 725948f1-8258-4c38-a43b-fb6b6e51a962 [] []
[2023-02-17T06:01:36.848905+00:00] blog.INFO: Post created: 725948f1-8258-4c38-a43b-fb6b6e51a962 [] []
[2023-02-17T06:13:26.859629+00:00] blog.INFO: Create user command started [] []
[2023-02-17T06:13:26.868592+00:00] blog.WARNING: Cannot find user: user234 [] []
[2023-02-17T06:14:10.624257+00:00] blog.INFO: Create user command started [] []
[2023-02-17T06:14:10.631040+00:00] blog.WARNING: Cannot find user: user234 [] []
[2023-02-17T06:14:10.643180+00:00] blog.INFO: User data saved: f915ef4e-43eb-45c5-9428-624f421a42ed [] []
[2023-02-17T06:14:10.646947+00:00] blog.INFO: User created: f915ef4e-43eb-45c5-9428-624f421a42ed [] []
[2023-02-17T07:10:41.974118+00:00] blog.INFO: Create user command started [] []
[2023-02-17T07:11:32.575767+00:00] blog.INFO: Post saved: 15b04aa6-5fc2-49f1-88b7-b0acbe108eba [] []
[2023-02-17T07:11:32.590209+00:00] blog.INFO: Post created: 15b04aa6-5fc2-49f1-88b7-b0acbe108eba [] []
[2023-02-17T12:24:55.565538+00:00] blog.INFO: Create user command started [] []
[2023-02-17T12:24:55.592117+00:00] blog.WARNING: Cannot find user: user3 [] []
[2023-02-17T12:24:55.636819+00:00] blog.INFO: User data saved: dba0da21-58ab-4ca4-b162-1937e3d7890b [] []
[2023-02-17T12:24:55.637156+00:00] blog.INFO: User created: dba0da21-58ab-4ca4-b162-1937e3d7890b [] []
[2023-02-17T12:25:10.990122+00:00] blog.INFO: Create user command started [] []
[2023-02-17T12:25:10.995592+00:00] blog.WARNING: Cannot find user: user4 [] []
[2023-02-17T12:25:11.023520+00:00] blog.INFO: User data saved: 3de4b449-1edd-482e-bf48-5da94d69b51c [] []
[2023-02-17T12:25:11.023870+00:00] blog.INFO: User created: 3de4b449-1edd-482e-bf48-5da94d69b51c [] []
[2023-02-17T12:50:57.033890+00:00] blog.INFO: Create user command started [] []
[2023-02-17T12:52:30.427859+00:00] blog.INFO: Create user command started [] []
[2023-02-17T12:52:40.802170+00:00] blog.INFO: Create user command started [] []
[2023-02-17T12:54:10.483840+00:00] blog.INFO: Create user command started [] []
[2023-02-17T12:54:27.656088+00:00] blog.INFO: Create user command started [] []
[2023-02-17T12:54:35.844716+00:00] blog.INFO: Create user command started [] []
[2023-02-17T13:05:58.123428+00:00] blog.INFO: Create user command started [] []
[2023-02-17T13:18:06.026034+00:00] blog.INFO: Create user command started [] []
[2023-02-17T13:22:28.294425+00:00] blog.INFO: Create user command started [] []
[2023-02-17T13:30:29.535811+00:00] blog.INFO: Create user command started [] []
[2023-02-17T13:32:43.129898+00:00] blog.INFO: Create user command started [] []
[2023-02-17T13:33:09.232229+00:00] blog.INFO: Create user command started [] []
[2023-02-17T13:38:12.936549+00:00] blog.INFO: Create user command started [] []
[2023-02-17T13:38:44.090378+00:00] blog.INFO: Create user command started [] []
[2023-02-17T13:39:44.564719+00:00] blog.INFO: Create user command started [] []
[2023-02-17T13:41:41.611997+00:00] blog.INFO: Create user command started [] []
[2023-02-17T13:42:38.602184+00:00] blog.INFO: Create user command started [] []
[2023-02-17T13:42:44.546517+00:00] blog.INFO: Create user command started [] []
[2023-02-17T13:44:20.647145+00:00] blog.INFO: Create user command started [] []
[2023-02-17T13:45:01.373318+00:00] blog.INFO: Create user command started [] []
[2023-02-18T13:19:02.543224+00:00] blog.INFO: Post saved: e889aa99-a4b6-42c7-a08d-c5a18994750a [] []
[2023-02-18T13:19:02.553682+00:00] blog.INFO: Post created: e889aa99-a4b6-42c7-a08d-c5a18994750a [] []
[2023-02-18T13:54:45.083411+00:00] blog.INFO: Comment saved: d595c6fb-b051-46b0-82a4-fe025d64698a [] []
[2023-02-19T06:29:24.947601+00:00] blog.INFO: Like saved: 630faa4c-8ed3-4e36-a499-a5aa265f2e06 [] []
[2023-02-19T06:32:05.105516+00:00] blog.INFO: Like saved: e761b439-27af-432c-8961-f8545e524cfb [] []
[2023-02-19T06:33:43.601358+00:00] blog.INFO: Like saved: 9985b54c-321b-432f-88a6-103567141f4e [] []
[2023-02-19T06:50:51.521877+00:00] blog.INFO: Like saved: 4d87f892-019d-4a27-9213-258b1cde35fa [] []
[2023-02-19T06:52:27.099805+00:00] blog.NOTICE: Route not found: POST /posts/comments/create_like [] []
[2023-02-19T07:02:14.065631+00:00] blog.INFO: Like saved: 740fc286-c933-4bd0-a319-b5abd2d59f8b [] []
[2023-02-19T11:08:30.538645+00:00] blog.INFO: Post saved: 52771fe9-361f-4711-a057-f94db776a039 [] []
[2023-02-19T11:08:30.552777+00:00] blog.INFO: Post created: 52771fe9-361f-4711-a057-f94db776a039 [] []
[2023-02-20T14:52:48.437178+00:00] blog.INFO: Post saved: 805fbf99-e6c5-4308-88fa-9e339ff54e0a [] []
[2023-02-20T14:52:48.458541+00:00] blog.INFO: Post created: 805fbf99-e6c5-4308-88fa-9e339ff54e0a [] []
